<?xml version="1.0" encoding="UTF-8"?>
<!-- Generated by org.testng.reporters.JUnitReportReporter -->
<testsuite skipped="0" hostname="5CG7084NH0840" name="com.mcafee.servicerequests.TC004_ServiceRequestSubmitSample" tests="1" failures="0" timestamp="23 Mar 2021 15:56:12 GMT" time="0.025" errors="0">
  <testcase name="ServiceRequestSubmitSample" time="0.025" classname="com.mcafee.servicerequests.TC004_ServiceRequestSubmitSample"/>
</testsuite> <!-- com.mcafee.servicerequests.TC004_ServiceRequestSubmitSample -->
