<?xml version="1.0" encoding="UTF-8"?>
<!-- Generated by org.testng.reporters.JUnitReportReporter -->
<testsuite skipped="0" hostname="5CG7084NH0840" name="com.mcafee.tools.TC001_Assignment1" tests="1" failures="0" timestamp="23 Mar 2021 16:21:29 GMT" time="16.884" errors="0">
  <testcase name="downloadsPatchSearch" time="16.884" classname="com.mcafee.tools.TC001_Assignment1"/>
</testsuite> <!-- com.mcafee.tools.TC001_Assignment1 -->
